<?xml version="1.0" encoding="UTF-8"?>
<!-- Generated by org.testng.reporters.JUnitReportReporter -->
<testsuite hostname="LAPTOP-UI6AB5CI" failures="0" tests="2" name="bbcTest.viewingCommentsTest" time="36.254" errors="0" timestamp="02 Sept 2022 16:25:51 GMT" skipped="0">
  <testcase classname="bbcTest.viewingCommentsTest" name="verifyCommentsDisplayed" time="14.892"/>
  <testcase classname="bbcTest.viewingCommentsTest" name="VerifyPostingofComments" time="21.362"/>
</testsuite> <!-- bbcTest.viewingCommentsTest -->
