<?xml version="1.0" encoding="UTF-8"?>
<!-- Generated by org.testng.reporters.JUnitReportReporter -->
<testsuite hostname="LAPTOP-UI6AB5CI" failures="0" tests="2" name="bbcTest.viewingCommentsTest" time="35.811" errors="0" timestamp="01 Sept 2022 16:10:36 GMT" skipped="0">
  <testcase classname="bbcTest.viewingCommentsTest" name="verifyCommentsDisplayed" time="12.631"/>
  <testcase classname="bbcTest.viewingCommentsTest" name="VerifyPostingofComments" time="23.180"/>
</testsuite> <!-- bbcTest.viewingCommentsTest -->
